<?xml version="1.0" encoding="UTF-8"?>
<testsuite xmlns:xsi="http://www.w3.org/2001/XMLSchema-instance" xsi:noNamespaceSchemaLocation="https://maven.apache.org/surefire/maven-surefire-plugin/xsd/surefire-test-report.xsd" version="3.0.2" name="com.cab.DemoCabApplicationTests" time="4.248" tests="1" errors="0" skipped="0" failures="0">
  <properties>
[...]
</properties>
  <testcase name="contextLoads" classname="com.cab.DemoCabApplicationTests" time="1.12">
    <system-out><![CDATA[20:30:39.400 [main] INFO org.springframework.test.context.support.AnnotationConfigContextLoaderUtils -- Could not detect default configuration classes for test class [com.cab.DemoCabApplicationTests]: DemoCabApplicationTests does not declare any static, non-private, non-final, nested classes annotated with @Configuration.
20:30:39.554 [main] INFO org.springframework.boot.test.context.SpringBootTestContextBootstrapper -- Found @SpringBootConfiguration com.cab.DemoCabApplication for test class com.cab.DemoCabApplicationTests

  .   ____          _            __ _ _
 /\\ / ___'_ __ _ _(_)_ __  __ _ \ \ \ \
( ( )\___ | '_ | '_| | '_ \/ _` | \ \ \ \
 \\/  ___)| |_)| | | | | || (_| |  ) ) ) )
  '  |____| .__|_| |_|_| |_\__, | / / / /
 =========|_|==============|___/=/_/_/_/

 :: Spring Boot ::                (v3.4.3)

2025-05-03T20:30:40.154+05:30  INFO 13548 --- [DemoCab] [           main] com.cab.DemoCabApplicationTests          : Starting DemoCabApplicationTests using Java 23.0.2 with PID 13548 (started by tanus in C:\Users\tanus\eclipse-workspace\DemoCab)
2025-05-03T20:30:40.156+05:30  INFO 13548 --- [DemoCab] [           main] com.cab.DemoCabApplicationTests          : No active profile set, falling back to 1 default profile: "default"
2025-05-03T20:30:41.291+05:30  WARN 13548 --- [DemoCab] [           main] trationDelegate$BeanPostProcessorChecker : Bean 'org.springframework.ws.config.annotation.DelegatingWsConfiguration' of type [org.springframework.ws.config.annotation.DelegatingWsConfiguration$$SpringCGLIB$$0] is not eligible for getting processed by all BeanPostProcessors (for example: not eligible for auto-proxying). The currently created BeanPostProcessor [annotationActionEndpointMapping] is declared through a non-static factory method on that class; consider declaring it as static instead.
2025-05-03T20:30:41.319+05:30  INFO 13548 --- [DemoCab] [           main] .w.s.a.s.AnnotationActionEndpointMapping : Supporting [WS-Addressing August 2004, WS-Addressing 1.0]
2025-05-03T20:30:42.309+05:30  INFO 13548 --- [DemoCab] [           main] com.cab.DemoCabApplicationTests          : Started DemoCabApplicationTests in 2.519 seconds (process running for 3.716)
]]></system-out>
    <system-err><![CDATA[Mockito is currently self-attaching to enable the inline-mock-maker. This will no longer work in future releases of the JDK. Please add Mockito as an agent to your build what is described in Mockito's documentation: https://javadoc.io/doc/org.mockito/mockito-core/latest/org/mockito/Mockito.html#0.3
WARNING: A Java agent has been loaded dynamically (C:\Users\tanus\.m2\repository\net\bytebuddy\byte-buddy-agent\1.15.11\byte-buddy-agent-1.15.11.jar)
WARNING: If a serviceability tool is in use, please run with -XX:+EnableDynamicAgentLoading to hide this warning
WARNING: If a serviceability tool is not in use, please run with -Djdk.instrument.traceUsage for more information
WARNING: Dynamic loading of agents will be disallowed by default in a future release
]]></system-err>
  </testcase>
</testsuite>